<?xml version="1.0" encoding="UTF-8"?>
<!-- Generated by org.testng.reporters.JUnitXMLReporter -->
<testsuite ignored="7" hostname="Aparnas-MacBook-Air.local" failures="0" tests="1" name="Default test" time="22.085" errors="0" timestamp="2023-01-20T07:54:18 PST">
  <testcase classname="testScript.ContactsScript" name="newContact_TC25" time="15.016"/>
  <testcase classname="testScript.ContactsScript" name="saveAndNew_TC32" time="0.0">
    <ignored/>
  </testcase> <!-- saveAndNew_TC32 -->
  <testcase classname="testScript.ContactsScript" name="viewError_TC30" time="0.0">
    <ignored/>
  </testcase> <!-- viewError_TC30 -->
  <testcase classname="testScript.ContactsScript" name="newContactView_TC26" time="0.0">
    <ignored/>
  </testcase> <!-- newContactView_TC26 -->
  <testcase classname="testScript.ContactsScript" name="viewContact_TC29" time="0.0">
    <ignored/>
  </testcase> <!-- viewContact_TC29 -->
  <testcase classname="testScript.ContactsScript" name="viewCancel_TC31" time="0.0">
    <ignored/>
  </testcase> <!-- viewCancel_TC31 -->
  <testcase classname="testScript.ContactsScript" name="recentContact_TC27" time="0.0">
    <ignored/>
  </testcase> <!-- recentContact_TC27 -->
  <testcase classname="testScript.ContactsScript" name="myContactView_TC28" time="0.0">
    <ignored/>
  </testcase> <!-- myContactView_TC28 -->
</testsuite> <!-- Default test -->
