<?xml version="1.0" encoding="UTF-8"?>
<!-- Generated by org.testng.reporters.JUnitXMLReporter -->
<testsuite ignored="1" hostname="Aparnas-MacBook-Air.local" failures="0" tests="1" name="Default test" time="19.862" errors="0" timestamp="2023-01-06T15:30:16 PST">
  <testcase classname="testScript.RandomScenariosScript" name="verifyTab_TC35" time="16.353"/>
  <testcase classname="testScript.RandomScenariosScript" name="verifyName_TC33" time="0.0">
    <ignored/>
  </testcase> <!-- verifyName_TC33 -->
</testsuite> <!-- Default test -->
