<?xml version="1.0" encoding="UTF-8"?>
<testng-results ignored="1" total="2" passed="1" failed="0" skipped="0">
  <reporter-output>
  </reporter-output>
  <suite started-at="2023-01-06T15:29:57 PST" name="Default suite" finished-at="2023-01-06T15:30:16 PST" duration-ms="19862">
    <groups>
    </groups>
    <test started-at="2023-01-06T15:29:57 PST" name="Default test" finished-at="2023-01-06T15:30:16 PST" duration-ms="19862">
      <class name="testScript.RandomScenariosScript">
        <test-method is-config="true" signature="setUp()[pri:0, instance:testScript.RandomScenariosScript@1921ad94]" started-at="2023-01-06T15:29:56 PST" name="setUp" finished-at="2023-01-06T15:29:57 PST" duration-ms="310" status="PASS">
          <reporter-output>
          </reporter-output>
        </test-method> <!-- setUp -->
        <test-method is-config="true" signature="setDriver()[pri:0, instance:testScript.RandomScenariosScript@1921ad94]" started-at="2023-01-06T15:29:57 PST" name="setDriver" finished-at="2023-01-06T15:30:00 PST" duration-ms="3201" status="PASS">
          <reporter-output>
          </reporter-output>
        </test-method> <!-- setDriver -->
        <test-method signature="verifyTab_TC35(java.lang.reflect.Method)[pri:36, instance:testScript.RandomScenariosScript@1921ad94]" started-at="2023-01-06T15:30:00 PST" name="verifyTab_TC35" finished-at="2023-01-06T15:30:16 PST" duration-ms="16353" status="PASS">
          <params>
            <param index="0">
              <value>
                <![CDATA[public static void testScript.RandomScenariosScript.verifyTab_TC35(java.lang.reflect.Method) throws java.io.IOException]]>
              </value>
            </param>
          </params>
          <reporter-output>
          </reporter-output>
        </test-method> <!-- verifyTab_TC35 -->
        <test-method is-config="true" signature="removeDriver()[pri:0, instance:testScript.RandomScenariosScript@1921ad94]" started-at="2023-01-06T15:30:16 PST" name="removeDriver" finished-at="2023-01-06T15:30:16 PST" duration-ms="269" status="PASS">
          <reporter-output>
          </reporter-output>
        </test-method> <!-- removeDriver -->
        <test-method is-config="true" signature="tearDown()[pri:0, instance:testScript.RandomScenariosScript@1921ad94]" started-at="2023-01-06T15:30:16 PST" name="tearDown" finished-at="2023-01-06T15:30:17 PST" duration-ms="423" status="PASS">
          <reporter-output>
          </reporter-output>
        </test-method> <!-- tearDown -->
      </class> <!-- testScript.RandomScenariosScript -->
    </test> <!-- Default test -->
  </suite> <!-- Default suite -->
</testng-results>
